{
  "RSpec": {
    "coverage": {
      "/Users/SeanNorton/collaboration-contracts/spec/support/factory_girl.rb": [
        1,
        1,
        null
      ],
      "/Users/SeanNorton/collaboration-contracts/app/controllers/answers_controller.rb": [
        1,
        1,
        3,
        3,
        null,
        null,
        1,
        4,
        4,
        4,
        null,
        0,
        null,
        null,
        4,
        4,
        4,
        null,
        null,
        null,
        null,
        1,
        1,
        12,
        null,
        null
      ],
      "/Users/SeanNorton/collaboration-contracts/app/controllers/application_controller.rb": [
        1,
        1,
        1,
        null,
        1,
        1,
        16,
        null,
        null,
        null
      ],
      "/Users/SeanNorton/collaboration-contracts/spec/controllers/contract_controller_spec.rb": [
        1,
        null,
        1,
        null,
        1,
        1,
        1,
        1,
        null,
        null,
        1,
        1,
        1,
        null,
        null,
        null,
        null,
        1,
        1,
        1,
        6,
        6,
        6,
        null,
        1,
        1,
        null,
        1,
        1,
        null,
        1,
        1,
        null,
        1,
        1,
        null,
        1,
        1,
        2,
        2,
        null,
        1,
        1,
        null,
        1,
        1,
        null,
        null,
        null,
        null,
        1,
        1,
        1,
        null,
        1,
        1,
        null,
        null,
        null,
        1,
        null,
        1,
        0,
        null,
        null,
        null,
        null,
        null,
        1,
        1,
        7,
        null,
        null,
        1,
        1,
        1,
        null,
        null,
        1,
        1,
        3,
        null,
        1,
        1,
        null,
        1,
        1,
        null,
        1,
        1,
        null,
        null,
        null,
        1,
        1,
        3,
        null,
        1,
        1,
        null,
        1,
        1,
        null,
        1,
        1,
        null,
        null,
        null,
        null,
        1,
        1,
        1,
        5,
        5,
        5,
        null,
        null,
        1,
        1,
        null,
        1,
        1,
        null,
        1,
        1,
        null,
        null,
        1,
        1,
        1,
        null,
        null,
        null,
        1,
        1,
        1,
        1,
        null,
        1,
        1,
        null,
        null,
        null,
        null,
        1,
        1,
        1,
        1,
        null,
        1,
        1,
        null,
        null,
        null,
        null,
        null,
        null,
        null
      ],
      "/Users/SeanNorton/collaboration-contracts/app/controllers/contracts_controller.rb": [
        1,
        1,
        null,
        1,
        2,
        null,
        null,
        1,
        9,
        9,
        null,
        9,
        8,
        6,
        6,
        null,
        2,
        2,
        null,
        null,
        1,
        null,
        null,
        null,
        1,
        7,
        7,
        3,
        null,
        3,
        null,
        7,
        7,
        null,
        null,
        1,
        7,
        1,
        null,
        6,
        6,
        6,
        null,
        null,
        null,
        1,
        0,
        0,
        null,
        null,
        1,
        1,
        9,
        null,
        null,
        null
      ],
      "/Users/SeanNorton/collaboration-contracts/spec/controllers/decision_controller_spec.rb": [
        1,
        null,
        1,
        null,
        1,
        1,
        3,
        3,
        null,
        1,
        1,
        null,
        1,
        1,
        null,
        1,
        1,
        null,
        null,
        null,
        null,
        1,
        1,
        6,
        6,
        null,
        1,
        1,
        null,
        1,
        1,
        null,
        1,
        1,
        null,
        null,
        1,
        1,
        2,
        null,
        1,
        1,
        null,
        1,
        1,
        null,
        null,
        null,
        1,
        1,
        1,
        null,
        null,
        null,
        null,
        null,
        null,
        1,
        1,
        4,
        4,
        null,
        1,
        1,
        null,
        1,
        1,
        null,
        1,
        1,
        null,
        1,
        1,
        null,
        null,
        null,
        null,
        1,
        1,
        4,
        4,
        null,
        1,
        1,
        null,
        1,
        1,
        null,
        1,
        1,
        2,
        null,
        1,
        1,
        null,
        null,
        null
      ],
      "/Users/SeanNorton/collaboration-contracts/app/controllers/decisions_controller.rb": [
        1,
        null,
        1,
        3,
        3,
        null,
        null,
        1,
        8,
        8,
        8,
        6,
        null,
        2,
        2,
        null,
        null,
        null,
        1,
        4,
        4,
        4,
        4,
        null,
        null,
        null,
        1,
        5,
        5,
        5,
        5,
        null,
        null,
        null,
        1,
        1,
        16,
        null,
        null
      ],
      "/Users/SeanNorton/collaboration-contracts/spec/controllers/home_controller_spec.rb": [
        1,
        null,
        1,
        1,
        1,
        2,
        null,
        1,
        1,
        null,
        1,
        1,
        null,
        null,
        null
      ],
      "/Users/SeanNorton/collaboration-contracts/app/controllers/home_controller.rb": [
        1,
        1,
        2,
        0,
        null,
        null,
        null
      ],
      "/Users/SeanNorton/collaboration-contracts/spec/controllers/users/registrations_controller_spec.rb": [
        1,
        null,
        1,
        1,
        7,
        null,
        null,
        1,
        1,
        1,
        1,
        null,
        null,
        null,
        1,
        1,
        1,
        5,
        5,
        5,
        null,
        1,
        1,
        null,
        1,
        1,
        null,
        1,
        1,
        null,
        1,
        1,
        null,
        1,
        1,
        null,
        null,
        1,
        1,
        1,
        null,
        1,
        1,
        null,
        null,
        null,
        null,
        null,
        null
      ],
      "/Users/SeanNorton/collaboration-contracts/app/controllers/users/registrations_controller.rb": [
        1,
        null,
        null,
        null,
        null,
        1,
        1,
        null,
        null,
        null,
        1,
        6,
        null,
        null,
        null,
        null,
        null,
        null,
        null,
        null,
        null,
        null,
        null,
        null,
        null,
        1,
        0,
        null,
        null,
        null,
        null,
        null,
        null,
        null,
        null,
        null,
        null,
        null,
        1,
        null,
        null,
        1,
        0,
        null,
        null,
        null,
        null,
        null,
        null,
        null,
        null,
        null,
        null,
        null,
        null,
        null,
        null,
        null,
        null,
        null
      ],
      "/Users/SeanNorton/collaboration-contracts/spec/controllers/users/sessions_controller_spec.rb": [
        1,
        null,
        1,
        1,
        7,
        null,
        null,
        1,
        1,
        1,
        1,
        null,
        null,
        null,
        1,
        1,
        1,
        2,
        2,
        2,
        null,
        1,
        1,
        null,
        1,
        1,
        null,
        null,
        1,
        1,
        2,
        2,
        null,
        1,
        1,
        null,
        1,
        1,
        null,
        null,
        null,
        null,
        1,
        1,
        1,
        2,
        null,
        1,
        1,
        1,
        null,
        1,
        1,
        1,
        null,
        null,
        null,
        null,
        null
      ],
      "/Users/SeanNorton/collaboration-contracts/app/controllers/users/sessions_controller.rb": [
        1,
        null,
        null,
        null,
        1,
        3,
        null,
        null,
        null,
        1,
        4,
        null,
        null,
        null,
        1,
        2,
        null,
        null,
        null,
        null,
        null,
        null,
        null,
        null,
        null
      ],
      "/Users/SeanNorton/collaboration-contracts/spec/models/answer_spec.rb": [
        1,
        null,
        1,
        null,
        1,
        null,
        1,
        6,
        null,
        null,
        2,
        2,
        null,
        1,
        1,
        null,
        null,
        1,
        1,
        1,
        null,
        1,
        1,
        1,
        null,
        null,
        1,
        1,
        1,
        null,
        null,
        null,
        1,
        1,
        1,
        1,
        1,
        null,
        1,
        1,
        null,
        null,
        null,
        1,
        1,
        1,
        null,
        null,
        null,
        1,
        1,
        1,
        null,
        1,
        1,
        null,
        null,
        null,
        1,
        1,
        4,
        4,
        4,
        null,
        1,
        1,
        1,
        null,
        1,
        1,
        null,
        1,
        1,
        null,
        1,
        1,
        null,
        null,
        null,
        1,
        1,
        2,
        2,
        2,
        null,
        1,
        1,
        null,
        1,
        1,
        null,
        null,
        null,
        null
      ],
      "/Users/SeanNorton/collaboration-contracts/app/models/answer.rb": [
        1,
        1,
        1,
        1,
        null,
        1,
        1,
        null,
        1,
        3,
        1,
        null,
        null,
        1,
        1,
        null,
        null,
        1,
        12,
        null,
        null,
        1,
        5,
        null,
        null,
        null,
        1,
        6,
        null,
        null,
        null,
        null
      ],
      "/Users/SeanNorton/collaboration-contracts/spec/models/contract_spec.rb": [
        1,
        null,
        1,
        null,
        1,
        1,
        7,
        7,
        null,
        null,
        2,
        2,
        null,
        1,
        1,
        null,
        1,
        1,
        1,
        null,
        1,
        1,
        1,
        null,
        1,
        1,
        1,
        null,
        1,
        1,
        null,
        null,
        null,
        1,
        1,
        2,
        2,
        2,
        null,
        null,
        1,
        1,
        null,
        1,
        1,
        null,
        null,
        null,
        1,
        1,
        5,
        5,
        null,
        null,
        1,
        1,
        null,
        1,
        1,
        null,
        1,
        1,
        null,
        1,
        1,
        null,
        1,
        1,
        null,
        null,
        null,
        1,
        1,
        1,
        1,
        1,
        null,
        null,
        1,
        1,
        1,
        null,
        null,
        null,
        null
      ],
      "/Users/SeanNorton/collaboration-contracts/app/models/contract.rb": [
        1,
        1,
        1,
        1,
        null,
        null,
        1,
        1,
        1,
        null,
        1,
        12,
        null,
        null,
        1,
        11,
        null,
        null,
        1,
        7,
        6,
        1,
        1,
        null,
        null,
        null,
        1,
        3,
        null,
        null,
        1,
        3,
        null,
        null,
        1,
        11,
        null,
        null,
        1,
        9,
        null,
        null,
        1,
        0,
        0,
        0,
        null,
        0,
        null,
        null,
        1,
        null,
        null,
        null,
        1,
        6,
        0,
        null,
        6,
        null,
        null,
        null
      ],
      "/Users/SeanNorton/collaboration-contracts/spec/models/decision_spec.rb": [
        1,
        null,
        1,
        null,
        1,
        1,
        5,
        null,
        null,
        2,
        2,
        null,
        1,
        1,
        null,
        1,
        1,
        1,
        null,
        1,
        1,
        1,
        null,
        null,
        null,
        1,
        1,
        3,
        3,
        null,
        null,
        1,
        1,
        null,
        1,
        1,
        null,
        1,
        1,
        null,
        null,
        null,
        null
      ],
      "/Users/SeanNorton/collaboration-contracts/app/models/decision.rb": [
        1,
        1,
        1,
        null,
        1,
        1,
        null,
        null,
        1,
        3,
        null,
        null,
        null
      ],
      "/Users/SeanNorton/collaboration-contracts/spec/models/user_contract_spec.rb": [
        1,
        null,
        1,
        null,
        2,
        2,
        null,
        1,
        1,
        1,
        null,
        1,
        1,
        null,
        null,
        null,
        1,
        1,
        1,
        1,
        null,
        1,
        1,
        null,
        null,
        null,
        null
      ],
      "/Users/SeanNorton/collaboration-contracts/app/models/user_contract.rb": [
        1,
        null,
        1,
        1,
        null,
        1,
        12,
        null,
        null,
        1,
        2,
        null,
        null,
        1,
        2,
        null,
        null
      ],
      "/Users/SeanNorton/collaboration-contracts/spec/models/user_spec.rb": [
        1,
        null,
        1,
        null,
        1,
        1,
        2,
        null,
        null,
        2,
        2,
        null,
        null,
        null,
        1,
        1,
        2,
        null,
        1,
        1,
        null,
        1,
        1,
        null,
        null,
        null,
        null
      ]
    },
    "timestamp": 1483752491
  }
}
